[debug] [2022-02-03T15:55:53.181Z] ----------------------------------------------------------------------
[debug] [2022-02-03T15:55:53.184Z] Command:       C:\Program Files\nodejs\node.exe C:\Users\Valdemar\AppData\Roaming\npm\node_modules\firebase-tools\lib\bin\firebase.js init
[debug] [2022-02-03T15:55:53.185Z] CLI Version:   9.16.0
[debug] [2022-02-03T15:55:53.185Z] Platform:      win32
[debug] [2022-02-03T15:55:53.185Z] Node Version:  v14.17.4
[debug] [2022-02-03T15:55:53.186Z] Time:          Thu Feb 03 2022 10:55:53 GMT-0500 (hora estándar de Perú)
[debug] [2022-02-03T15:55:53.187Z] ----------------------------------------------------------------------
[debug] 
[debug] [2022-02-03T15:55:53.191Z] >>> [apiv2][query] GET https://firebase-public.firebaseio.com/cli.json [none]
[debug] [2022-02-03T15:55:53.217Z] > command requires scopes: ["email","openid","https://www.googleapis.com/auth/cloudplatformprojects.readonly","https://www.googleapis.com/auth/firebase","https://www.googleapis.com/auth/cloud-platform"]
[debug] [2022-02-03T15:55:53.217Z] > authorizing via signed-in user (valdemarcolichon@gmail.com)
[info] 
     ######## #### ########  ######## ########     ###     ######  ########
     ##        ##  ##     ## ##       ##     ##  ##   ##  ##       ##
     ######    ##  ########  ######   ########  #########  ######  ######
     ##        ##  ##    ##  ##       ##     ## ##     ##       ## ##
     ##       #### ##     ## ######## ########  ##     ##  ######  ########

You're about to initialize a Firebase project in this directory:

  D:\freelo\startbootstrap-agency-gh-pages

[debug] [2022-02-03T15:55:53.889Z] <<< [apiv2][status] GET https://firebase-public.firebaseio.com/cli.json 200
[debug] [2022-02-03T15:55:53.889Z] <<< [apiv2][body] GET https://firebase-public.firebaseio.com/cli.json {"cloudBuildErrorAfter":1594252800000,"cloudBuildWarnAfter":1590019200000,"defaultNode10After":1594252800000,"minVersion":"3.0.5","node8DeploysDisabledAfter":1613390400000,"node8RuntimeDisabledAfter":1615809600000,"node8WarnAfter":1600128000000}
